<?xml version="1.0" encoding="UTF-8"?>
<testng-results ignored="0" total="4" passed="4" failed="0" skipped="0">
  <reporter-output>
  </reporter-output>
  <suite started-at="2026-05-21T14:02:42 IST" name="Suite" finished-at="2026-05-21T14:02:42 IST" duration-ms="62">
    <groups>
    </groups>
    <test started-at="2026-05-21T14:02:42 IST" name="Test" finished-at="2026-05-21T14:02:42 IST" duration-ms="62">
      <class name="sample.DemoTest">
        <test-method signature="case2()[pri:0, instance:sample.DemoTest@501edcf1]" started-at="2026-05-21T14:02:42 IST" name="case2" finished-at="2026-05-21T14:02:42 IST" duration-ms="1" status="PASS">
          <reporter-output>
          </reporter-output>
        </test-method> <!-- case2 -->
        <test-method signature="case22()[pri:0, instance:sample.DemoTest@501edcf1]" started-at="2026-05-21T14:02:42 IST" name="case22" finished-at="2026-05-21T14:02:42 IST" duration-ms="1" status="PASS">
          <reporter-output>
          </reporter-output>
        </test-method> <!-- case22 -->
      </class> <!-- sample.DemoTest -->
      <class name="demo.SampleTest">
        <test-method signature="case1()[pri:0, instance:demo.SampleTest@7ea37dbf]" started-at="2026-05-21T14:02:42 IST" name="case1" finished-at="2026-05-21T14:02:42 IST" duration-ms="7" status="PASS">
          <reporter-output>
          </reporter-output>
        </test-method> <!-- case1 -->
        <test-method signature="case11()[pri:0, instance:demo.SampleTest@7ea37dbf]" started-at="2026-05-21T14:02:42 IST" name="case11" finished-at="2026-05-21T14:02:42 IST" duration-ms="1" status="PASS">
          <reporter-output>
          </reporter-output>
        </test-method> <!-- case11 -->
      </class> <!-- demo.SampleTest -->
    </test> <!-- Test -->
  </suite> <!-- Suite -->
</testng-results>
