<?xml version="1.0" encoding="UTF-8"?>
<!-- Generated by org.testng.reporters.JUnitXMLReporter -->
<testsuite ignored="0" hostname="WaseemTazeen" failures="0" tests="8" name="Surefire test" time="0.105" errors="0" timestamp="2026-05-21T14:01:28 IST">
  <testcase classname="demo.Sample2Test" name="case112233" time="0.01"/>
  <testcase classname="demo.Sample2Test" name="case123" time="0.001"/>
  <testcase classname="demo.SampleTest" name="case1" time="0.001"/>
  <testcase classname="demo.SampleTest" name="case11" time="0.001"/>
  <testcase classname="sample.Demo2Test" name="case223344" time="0.001"/>
  <testcase classname="sample.Demo2Test" name="case234" time="0.001"/>
  <testcase classname="sample.DemoTest" name="case2" time="0.004"/>
  <testcase classname="sample.DemoTest" name="case22" time="0.004"/>
</testsuite> <!-- Surefire test -->
